STL translation to Solid Edge
Fecha: martes,noviembre 25,2025 01:54p. m.
Archivo fuente:D:\37-Alejo U\RVE_microstructure_1020\RVE_ferrite.stl
Autor: Desconocido
Organización: Desconocido
Sistema fuente: DEX

Hardware:
Procesador: AMD Ryzen 7 3700X 8-Core Processor             
Sistema operativo: Windows 10 Professional
Memoria instalada: 15.94 GB

Información sobre el software:
Versión de Parasolid: 37.0.118
Versión de PSBodyShop: 37.0.94
Versión del adaptador STL: 15.0.142
Versión de Solid Edge: 225.00.01.004 x64

STL Import Options
Reparar fallos en la malla: Desactivado
Crear operación base: Activado
Habilitar registro de anotaciones: Activado

Avance en la conversión:
Se completó el proceso de conversión
Tiempo necesario para convertir:00 : 00 : 00
